2024-10-11 04:53:05,458 CRIT Supervisor is running as root.  Privileges were not dropped because no user is specified in the config file.  If you intend to run as root, you can set user=root in the config file to avoid this message.
2024-10-11 04:53:05,763 INFO supervisord started with pid 1
2024-10-11 04:53:06,766 INFO spawned: 'backend' with pid 8
2024-10-11 04:53:06,768 INFO spawned: 'nextjs' with pid 9
2024-10-11 04:53:07,919 INFO success: backend entered RUNNING state, process has stayed up for > than 1 seconds (startsecs)
2024-10-11 04:53:07,930 INFO success: nextjs entered RUNNING state, process has stayed up for > than 1 seconds (startsecs)
2024-10-11 04:54:00,072 INFO exited: nextjs (exit status 0; expected)
2024-10-11 04:54:01,075 INFO spawned: 'nextjs' with pid 64
2024-10-11 04:54:02,207 INFO success: nextjs entered RUNNING state, process has stayed up for > than 1 seconds (startsecs)
2024-10-11 04:54:03,208 INFO reaped unknown pid 57 (exit status 0)
2024-10-11 04:54:15,437 INFO exited: nextjs (exit status 0; expected)
2024-10-11 04:54:16,440 INFO spawned: 'nextjs' with pid 114
2024-10-11 04:54:17,570 INFO success: nextjs entered RUNNING state, process has stayed up for > than 1 seconds (startsecs)
2024-10-11 04:54:17,832 INFO reaped unknown pid 107 (exit status 0)
2024-10-11 04:54:29,494 INFO exited: nextjs (exit status 0; expected)
2024-10-11 04:54:30,497 INFO spawned: 'nextjs' with pid 164
2024-10-11 04:54:31,617 INFO success: nextjs entered RUNNING state, process has stayed up for > than 1 seconds (startsecs)
2024-10-11 04:54:32,618 INFO reaped unknown pid 157 (exit status 0)
2024-10-11 04:54:44,325 INFO exited: nextjs (exit status 0; expected)
2024-10-11 04:54:45,269 INFO spawned: 'nextjs' with pid 214
2024-10-11 04:54:47,042 INFO success: nextjs entered RUNNING state, process has stayed up for > than 1 seconds (startsecs)
2024-10-11 04:54:47,042 INFO reaped unknown pid 207 (exit status 0)
2024-10-11 04:54:57,577 INFO exited: nextjs (exit status 0; expected)
2024-10-11 04:54:58,580 INFO spawned: 'nextjs' with pid 264
2024-10-11 04:54:59,714 INFO success: nextjs entered RUNNING state, process has stayed up for > than 1 seconds (startsecs)
2024-10-11 04:55:00,716 INFO reaped unknown pid 257 (exit status 0)
2024-10-11 04:55:11,825 INFO exited: nextjs (exit status 0; expected)
2024-10-11 04:55:12,828 INFO spawned: 'nextjs' with pid 314
2024-10-11 04:55:13,951 INFO success: nextjs entered RUNNING state, process has stayed up for > than 1 seconds (startsecs)
2024-10-11 04:55:13,951 INFO reaped unknown pid 307 (exit status 0)
2024-10-11 04:55:26,105 INFO exited: nextjs (exit status 0; expected)
2024-10-11 04:55:27,108 INFO spawned: 'nextjs' with pid 364
2024-10-11 04:55:28,226 INFO success: nextjs entered RUNNING state, process has stayed up for > than 1 seconds (startsecs)
2024-10-11 04:55:28,226 INFO reaped unknown pid 357 (exit status 0)
2024-10-11 04:55:41,488 INFO exited: nextjs (exit status 0; expected)
2024-10-11 04:55:42,490 INFO spawned: 'nextjs' with pid 414
2024-10-11 04:55:43,608 INFO success: nextjs entered RUNNING state, process has stayed up for > than 1 seconds (startsecs)
2024-10-11 04:55:43,662 INFO reaped unknown pid 407 (exit status 0)
2024-10-11 04:55:57,541 INFO exited: nextjs (exit status 0; expected)
2024-10-11 04:55:58,544 INFO spawned: 'nextjs' with pid 464
2024-10-11 04:55:59,547 INFO success: nextjs entered RUNNING state, process has stayed up for > than 1 seconds (startsecs)
2024-10-11 15:13:24,726 CRIT Supervisor is running as root.  Privileges were not dropped because no user is specified in the config file.  If you intend to run as root, you can set user=root in the config file to avoid this message.
2024-10-11 15:13:24,729 INFO supervisord started with pid 1
2024-10-11 15:13:25,731 INFO spawned: 'backend' with pid 8
2024-10-11 15:13:25,733 INFO spawned: 'nextjs' with pid 9
2024-10-11 15:13:26,920 INFO success: backend entered RUNNING state, process has stayed up for > than 1 seconds (startsecs)
2024-10-11 15:13:26,920 INFO success: nextjs entered RUNNING state, process has stayed up for > than 1 seconds (startsecs)
2024-10-11 15:13:27,922 WARN received SIGTERM indicating exit request
2024-10-11 15:13:27,922 INFO waiting for backend, nextjs to die
2024-10-11 15:13:27,934 WARN stopped: nextjs (terminated by SIGTERM)
2024-10-11 15:13:27,942 WARN stopped: backend (terminated by SIGTERM)
2024-10-11 15:14:11,504 CRIT Supervisor is running as root.  Privileges were not dropped because no user is specified in the config file.  If you intend to run as root, you can set user=root in the config file to avoid this message.
2024-10-11 15:14:11,508 INFO supervisord started with pid 1
2024-10-11 15:14:12,511 INFO spawned: 'backend' with pid 8
2024-10-11 15:14:12,512 INFO spawned: 'nextjs' with pid 9
2024-10-11 15:14:13,681 INFO success: backend entered RUNNING state, process has stayed up for > than 1 seconds (startsecs)
2024-10-11 15:14:13,681 INFO success: nextjs entered RUNNING state, process has stayed up for > than 1 seconds (startsecs)
2024-10-11 23:37:29,578 WARN received SIGTERM indicating exit request
2024-10-11 23:37:29,596 INFO waiting for backend, nextjs to die
2024-10-11 23:37:30,458 INFO stopped: nextjs (exit status 0)
2024-10-11 23:37:30,468 WARN stopped: backend (terminated by SIGTERM)
2024-10-11 23:38:23,540 CRIT Supervisor is running as root.  Privileges were not dropped because no user is specified in the config file.  If you intend to run as root, you can set user=root in the config file to avoid this message.
2024-10-11 23:38:23,544 INFO supervisord started with pid 1
2024-10-11 23:38:24,548 INFO spawned: 'backend' with pid 8
2024-10-11 23:38:24,549 INFO spawned: 'nextjs' with pid 9
2024-10-11 23:38:25,782 INFO success: backend entered RUNNING state, process has stayed up for > than 1 seconds (startsecs)
2024-10-11 23:38:25,782 INFO success: nextjs entered RUNNING state, process has stayed up for > than 1 seconds (startsecs)
2024-10-11 23:45:16,785 WARN received SIGTERM indicating exit request
2024-10-11 23:45:16,805 INFO waiting for backend, nextjs to die
2024-10-11 23:45:47,135 CRIT Supervisor is running as root.  Privileges were not dropped because no user is specified in the config file.  If you intend to run as root, you can set user=root in the config file to avoid this message.
2024-10-11 23:45:47,139 INFO supervisord started with pid 1
2024-10-11 23:45:48,143 INFO spawned: 'backend' with pid 8
2024-10-11 23:45:48,144 INFO spawned: 'nextjs' with pid 9
2024-10-11 23:45:49,340 INFO success: backend entered RUNNING state, process has stayed up for > than 1 seconds (startsecs)
2024-10-11 23:45:49,341 INFO success: nextjs entered RUNNING state, process has stayed up for > than 1 seconds (startsecs)
2024-10-11 23:56:14,120 WARN received SIGTERM indicating exit request
2024-10-11 23:56:14,133 INFO waiting for backend, nextjs to die
2024-10-11 23:56:14,814 INFO stopped: nextjs (exit status 0)
2024-10-11 23:56:14,823 WARN stopped: backend (terminated by SIGTERM)
2024-10-11 23:56:59,524 CRIT Supervisor is running as root.  Privileges were not dropped because no user is specified in the config file.  If you intend to run as root, you can set user=root in the config file to avoid this message.
2024-10-11 23:56:59,528 INFO supervisord started with pid 1
2024-10-11 23:57:00,532 INFO spawned: 'backend' with pid 8
2024-10-11 23:57:00,534 INFO spawned: 'nextjs' with pid 9
2024-10-11 23:57:01,703 INFO success: backend entered RUNNING state, process has stayed up for > than 1 seconds (startsecs)
2024-10-11 23:57:01,703 INFO success: nextjs entered RUNNING state, process has stayed up for > than 1 seconds (startsecs)
2024-10-12 00:00:57,971 CRIT Supervisor is running as root.  Privileges were not dropped because no user is specified in the config file.  If you intend to run as root, you can set user=root in the config file to avoid this message.
2024-10-12 00:00:57,975 INFO supervisord started with pid 1
2024-10-12 00:00:58,978 INFO spawned: 'backend' with pid 8
2024-10-12 00:00:58,979 INFO spawned: 'nextjs' with pid 9
2024-10-12 00:01:00,192 INFO success: backend entered RUNNING state, process has stayed up for > than 1 seconds (startsecs)
2024-10-12 00:01:00,193 INFO success: nextjs entered RUNNING state, process has stayed up for > than 1 seconds (startsecs)
2024-10-12 00:15:51,463 CRIT Supervisor is running as root.  Privileges were not dropped because no user is specified in the config file.  If you intend to run as root, you can set user=root in the config file to avoid this message.
2024-10-12 00:15:51,486 INFO supervisord started with pid 1
2024-10-12 00:15:52,489 INFO spawned: 'backend' with pid 8
2024-10-12 00:15:52,491 INFO spawned: 'nextjs' with pid 9
2024-10-12 00:15:53,668 INFO success: backend entered RUNNING state, process has stayed up for > than 1 seconds (startsecs)
2024-10-12 00:15:53,668 INFO success: nextjs entered RUNNING state, process has stayed up for > than 1 seconds (startsecs)
2024-10-12 04:11:39,364 CRIT Supervisor is running as root.  Privileges were not dropped because no user is specified in the config file.  If you intend to run as root, you can set user=root in the config file to avoid this message.
2024-10-12 04:11:39,398 INFO supervisord started with pid 1
2024-10-12 04:11:40,410 INFO spawned: 'backend' with pid 8
2024-10-12 04:11:40,413 INFO spawned: 'nextjs' with pid 9
2024-10-12 04:11:41,630 INFO success: backend entered RUNNING state, process has stayed up for > than 1 seconds (startsecs)
2024-10-12 04:11:41,630 INFO success: nextjs entered RUNNING state, process has stayed up for > than 1 seconds (startsecs)
2024-10-12 04:31:40,557 WARN received SIGTERM indicating exit request
2024-10-12 04:31:40,558 INFO waiting for backend, nextjs to die
2024-10-12 04:31:40,686 INFO stopped: nextjs (exit status 0)
2024-10-12 04:31:40,688 WARN stopped: backend (terminated by SIGTERM)
2024-10-12 04:37:47,555 CRIT Supervisor is running as root.  Privileges were not dropped because no user is specified in the config file.  If you intend to run as root, you can set user=root in the config file to avoid this message.
2024-10-12 04:37:47,560 INFO supervisord started with pid 1
2024-10-12 04:37:48,564 INFO spawned: 'backend' with pid 8
2024-10-12 04:37:48,565 INFO spawned: 'nextjs' with pid 9
2024-10-12 04:37:49,795 INFO success: backend entered RUNNING state, process has stayed up for > than 1 seconds (startsecs)
2024-10-12 04:37:49,795 INFO success: nextjs entered RUNNING state, process has stayed up for > than 1 seconds (startsecs)
2024-10-12 04:43:08,058 WARN received SIGTERM indicating exit request
2024-10-12 04:43:08,059 INFO waiting for backend, nextjs to die
2024-10-12 04:43:08,231 INFO stopped: nextjs (exit status 0)
2024-10-12 04:43:08,234 WARN stopped: backend (terminated by SIGTERM)
2024-10-12 04:58:29,539 CRIT Supervisor is running as root.  Privileges were not dropped because no user is specified in the config file.  If you intend to run as root, you can set user=root in the config file to avoid this message.
2024-10-12 04:58:29,543 INFO supervisord started with pid 1
2024-10-12 04:58:30,546 INFO spawned: 'backend' with pid 8
2024-10-12 04:58:30,548 INFO spawned: 'nextjs' with pid 9
2024-10-12 04:58:31,743 INFO success: backend entered RUNNING state, process has stayed up for > than 1 seconds (startsecs)
2024-10-12 04:58:31,743 INFO success: nextjs entered RUNNING state, process has stayed up for > than 1 seconds (startsecs)
2024-10-12 05:17:55,473 WARN received SIGTERM indicating exit request
2024-10-12 05:17:55,494 INFO waiting for backend, nextjs to die
2024-10-12 05:17:56,289 INFO stopped: nextjs (exit status 0)
2024-10-12 05:17:56,309 WARN stopped: backend (terminated by SIGTERM)
2024-10-12 05:18:54,589 CRIT Supervisor is running as root.  Privileges were not dropped because no user is specified in the config file.  If you intend to run as root, you can set user=root in the config file to avoid this message.
2024-10-12 05:18:54,593 INFO supervisord started with pid 1
2024-10-12 05:18:55,596 INFO spawned: 'backend' with pid 8
2024-10-12 05:18:55,598 INFO spawned: 'nextjs' with pid 9
2024-10-12 05:18:56,781 INFO success: backend entered RUNNING state, process has stayed up for > than 1 seconds (startsecs)
2024-10-12 05:18:56,781 INFO success: nextjs entered RUNNING state, process has stayed up for > than 1 seconds (startsecs)
2024-10-12 15:13:12,882 WARN received SIGTERM indicating exit request
2024-10-12 15:13:12,900 INFO waiting for backend, nextjs to die
2024-10-12 15:13:13,829 INFO stopped: nextjs (exit status 0)
2024-10-12 15:13:13,862 WARN stopped: backend (terminated by SIGTERM)
2024-10-12 15:17:08,539 CRIT Supervisor is running as root.  Privileges were not dropped because no user is specified in the config file.  If you intend to run as root, you can set user=root in the config file to avoid this message.
2024-10-12 15:17:08,543 INFO supervisord started with pid 1
2024-10-12 15:17:09,546 INFO spawned: 'backend' with pid 8
2024-10-12 15:17:09,548 INFO spawned: 'nextjs' with pid 9
2024-10-12 15:17:10,719 INFO success: backend entered RUNNING state, process has stayed up for > than 1 seconds (startsecs)
2024-10-12 15:17:10,719 INFO success: nextjs entered RUNNING state, process has stayed up for > than 1 seconds (startsecs)
2024-10-12 17:30:24,413 WARN received SIGTERM indicating exit request
2024-10-12 17:30:24,417 INFO waiting for backend, nextjs to die
2024-10-12 17:30:24,783 INFO stopped: nextjs (exit status 0)
2024-10-12 17:30:24,806 WARN stopped: backend (terminated by SIGTERM)
2024-10-12 17:30:57,343 CRIT Supervisor is running as root.  Privileges were not dropped because no user is specified in the config file.  If you intend to run as root, you can set user=root in the config file to avoid this message.
2024-10-12 17:30:57,347 INFO supervisord started with pid 1
2024-10-12 17:30:58,349 INFO spawned: 'backend' with pid 8
2024-10-12 17:30:58,351 INFO spawned: 'nextjs' with pid 9
2024-10-12 17:30:59,505 INFO success: backend entered RUNNING state, process has stayed up for > than 1 seconds (startsecs)
2024-10-12 17:30:59,505 INFO success: nextjs entered RUNNING state, process has stayed up for > than 1 seconds (startsecs)
2024-10-12 17:37:55,931 WARN received SIGTERM indicating exit request
2024-10-12 17:37:55,943 INFO waiting for backend, nextjs to die
2024-10-12 17:37:56,452 INFO stopped: nextjs (exit status 0)
2024-10-12 17:37:56,460 WARN stopped: backend (terminated by SIGTERM)
2024-10-12 17:38:09,612 CRIT Supervisor is running as root.  Privileges were not dropped because no user is specified in the config file.  If you intend to run as root, you can set user=root in the config file to avoid this message.
2024-10-12 17:38:09,615 INFO supervisord started with pid 1
2024-10-12 17:38:10,617 INFO spawned: 'backend' with pid 8
2024-10-12 17:38:10,619 INFO spawned: 'nextjs' with pid 9
2024-10-12 17:38:11,784 INFO success: backend entered RUNNING state, process has stayed up for > than 1 seconds (startsecs)
2024-10-12 17:38:11,784 INFO success: nextjs entered RUNNING state, process has stayed up for > than 1 seconds (startsecs)
2024-10-12 21:46:51,879 WARN received SIGTERM indicating exit request
2024-10-12 21:46:51,898 INFO waiting for backend, nextjs to die
2024-10-12 21:46:52,331 INFO stopped: nextjs (exit status 0)
2024-10-12 21:46:52,344 WARN stopped: backend (terminated by SIGTERM)
2024-10-12 21:47:55,935 CRIT Supervisor is running as root.  Privileges were not dropped because no user is specified in the config file.  If you intend to run as root, you can set user=root in the config file to avoid this message.
2024-10-12 21:47:55,938 INFO supervisord started with pid 1
2024-10-12 21:47:56,942 INFO spawned: 'backend' with pid 8
2024-10-12 21:47:56,944 INFO spawned: 'nextjs' with pid 9
2024-10-12 21:47:58,178 INFO success: backend entered RUNNING state, process has stayed up for > than 1 seconds (startsecs)
2024-10-12 21:47:58,178 INFO success: nextjs entered RUNNING state, process has stayed up for > than 1 seconds (startsecs)
2024-10-12 21:58:01,051 CRIT Supervisor is running as root.  Privileges were not dropped because no user is specified in the config file.  If you intend to run as root, you can set user=root in the config file to avoid this message.
2024-10-12 21:58:01,053 INFO supervisord started with pid 1
2024-10-12 21:58:02,056 INFO spawned: 'backend' with pid 8
2024-10-12 21:58:02,057 INFO spawned: 'nextjs' with pid 9
2024-10-12 21:58:03,270 INFO success: backend entered RUNNING state, process has stayed up for > than 1 seconds (startsecs)
2024-10-12 21:58:03,270 INFO success: nextjs entered RUNNING state, process has stayed up for > than 1 seconds (startsecs)
